Determining if the pthread_create exist failed with the following output:
Change Dir: /home/fyin/sim_env/build/CMakeFiles/CMakeTmp

Run Build Command:"/usr/bin/make" "cmTC_75d0e/fast"
/usr/bin/make -f CMakeFiles/cmTC_75d0e.dir/build.make CMakeFiles/cmTC_75d0e.dir/build
make[1]: 进入目录“/home/fyin/sim_env/build/CMakeFiles/CMakeTmp”
Building C object CMakeFiles/cmTC_75d0e.dir/CheckSymbolExists.c.o
/usr/bin/cc    -o CMakeFiles/cmTC_75d0e.dir/CheckSymbolExists.c.o   -c /home/fyin/sim_env/build/CMakeFiles/CMakeTmp/CheckSymbolExists.c
Linking C executable cmTC_75d0e
/usr/bin/cmake -E cmake_link_script CMakeFiles/cmTC_75d0e.dir/link.txt --verbose=1
/usr/bin/cc      -rdynamic CMakeFiles/cmTC_75d0e.dir/CheckSymbolExists.c.o  -o cmTC_75d0e 
CMakeFiles/cmTC_75d0e.dir/CheckSymbolExists.c.o：在函数‘main’中：
CheckSymbolExists.c:(.text+0x1b)：对‘pthread_create’未定义的引用
collect2: error: ld returned 1 exit status
CMakeFiles/cmTC_75d0e.dir/build.make:97: recipe for target 'cmTC_75d0e' failed
make[1]: *** [cmTC_75d0e] Error 1
make[1]: 离开目录“/home/fyin/sim_env/build/CMakeFiles/CMakeTmp”
Makefile:126: recipe for target 'cmTC_75d0e/fast' failed
make: *** [cmTC_75d0e/fast] Error 2

File /home/fyin/sim_env/build/CMakeFiles/CMakeTmp/CheckSymbolExists.c:
/* */
#include <pthread.h>

int main(int argc, char** argv)
{
  (void)argv;
#ifndef pthread_create
  return ((int*)(&pthread_create))[argc];
#else
  (void)argc;
  return 0;
#endif
}

Determining if the function pthread_create exists in the pthreads failed with the following output:
Change Dir: /home/fyin/sim_env/build/CMakeFiles/CMakeTmp

Run Build Command:"/usr/bin/make" "cmTC_34da8/fast"
/usr/bin/make -f CMakeFiles/cmTC_34da8.dir/build.make CMakeFiles/cmTC_34da8.dir/build
make[1]: 进入目录“/home/fyin/sim_env/build/CMakeFiles/CMakeTmp”
Building C object CMakeFiles/cmTC_34da8.dir/CheckFunctionExists.c.o
/usr/bin/cc   -DCHECK_FUNCTION_EXISTS=pthread_create   -o CMakeFiles/cmTC_34da8.dir/CheckFunctionExists.c.o   -c /usr/share/cmake-3.10/Modules/CheckFunctionExists.c
Linking C executable cmTC_34da8
/usr/bin/cmake -E cmake_link_script CMakeFiles/cmTC_34da8.dir/link.txt --verbose=1
/usr/bin/cc  -DCHECK_FUNCTION_EXISTS=pthread_create    -rdynamic CMakeFiles/cmTC_34da8.dir/CheckFunctionExists.c.o  -o cmTC_34da8 -lpthreads 
/usr/bin/ld: 找不到 -lpthreads
collect2: error: ld returned 1 exit status
CMakeFiles/cmTC_34da8.dir/build.make:97: recipe for target 'cmTC_34da8' failed
make[1]: *** [cmTC_34da8] Error 1
make[1]: 离开目录“/home/fyin/sim_env/build/CMakeFiles/CMakeTmp”
Makefile:126: recipe for target 'cmTC_34da8/fast' failed
make: *** [cmTC_34da8/fast] Error 2


Determining if the include file pgm.h exists failed with the following output:
Change Dir: /home/fyin/sim_env/build/CMakeFiles/CMakeTmp

Run Build Command:"/usr/bin/make" "cmTC_2ba8c/fast"
make[1]: 进入目录“/home/fyin/sim_env/build/CMakeFiles/CMakeTmp”
/usr/bin/make -f CMakeFiles/cmTC_2ba8c.dir/build.make CMakeFiles/cmTC_2ba8c.dir/build
make[2]: 进入目录“/home/fyin/sim_env/build/CMakeFiles/CMakeTmp”
Building CXX object CMakeFiles/cmTC_2ba8c.dir/CheckIncludeFile.cxx.o
/usr/bin/c++     -o CMakeFiles/cmTC_2ba8c.dir/CheckIncludeFile.cxx.o -c /home/fyin/sim_env/build/CMakeFiles/CMakeTmp/CheckIncludeFile.cxx
/home/fyin/sim_env/build/CMakeFiles/CMakeTmp/CheckIncludeFile.cxx:1:10: fatal error: pgm.h: 没有那个文件或目录
 #include <pgm.h>
          ^~~~~~~
compilation terminated.
CMakeFiles/cmTC_2ba8c.dir/build.make:65: recipe for target 'CMakeFiles/cmTC_2ba8c.dir/CheckIncludeFile.cxx.o' failed
make[2]: *** [CMakeFiles/cmTC_2ba8c.dir/CheckIncludeFile.cxx.o] Error 1
make[2]: 离开目录“/home/fyin/sim_env/build/CMakeFiles/CMakeTmp”
Makefile:126: recipe for target 'cmTC_2ba8c/fast' failed
make[1]: *** [cmTC_2ba8c/fast] Error 2
make[1]: 离开目录“/home/fyin/sim_env/build/CMakeFiles/CMakeTmp”


